0 info it worked if it ends with ok
1 verbose cli [ '/Users/jadewang/.meteor/packages/meteor-tool/.1.1.10.18frl7x.x3nzi++os.osx.x86_64+web.browser+web.cordova/mt-os.osx.x86_64/dev_bundle/bin/node',
1 verbose cli   '/Users/jadewang/.meteor/packages/meteor-tool/.1.1.10.18frl7x.x3nzi++os.osx.x86_64+web.browser+web.cordova/mt-os.osx.x86_64/dev_bundle/bin/npm',
1 verbose cli   'install',
1 verbose cli   '--save',
1 verbose cli   'serialport@2.0.6_1' ]
2 info using npm@1.4.28
3 info using node@v0.10.40
4 verbose readDependencies using package.json deps
5 verbose cache add [ 'serialport@2.0.6_1', null ]
6 verbose cache add name=undefined spec="serialport@2.0.6_1" args=["serialport@2.0.6_1",null]
7 verbose parsed url { protocol: null,
7 verbose parsed url   slashes: null,
7 verbose parsed url   auth: null,
7 verbose parsed url   host: null,
7 verbose parsed url   port: null,
7 verbose parsed url   hostname: null,
7 verbose parsed url   hash: null,
7 verbose parsed url   search: null,
7 verbose parsed url   query: null,
7 verbose parsed url   pathname: 'serialport@2.0.6_1',
7 verbose parsed url   path: 'serialport@2.0.6_1',
7 verbose parsed url   href: 'serialport@2.0.6_1' }
8 verbose cache add name="serialport" spec="2.0.6_1" args=["serialport","2.0.6_1"]
9 verbose parsed url { protocol: null,
9 verbose parsed url   slashes: null,
9 verbose parsed url   auth: null,
9 verbose parsed url   host: null,
9 verbose parsed url   port: null,
9 verbose parsed url   hostname: null,
9 verbose parsed url   hash: null,
9 verbose parsed url   search: null,
9 verbose parsed url   query: null,
9 verbose parsed url   pathname: '2.0.6_1',
9 verbose parsed url   path: '2.0.6_1',
9 verbose parsed url   href: '2.0.6_1' }
10 verbose addNamed [ 'serialport', '2.0.6_1' ]
11 verbose addNamed [ null, null ]
12 silly lockFile d487f01a-serialport-2-0-6-1 serialport@2.0.6_1
13 verbose lock serialport@2.0.6_1 /Users/jadewang/.npm/d487f01a-serialport-2-0-6-1.lock
14 info addNameTag [ 'serialport', '2.0.6_1' ]
15 verbose request where is /serialport
16 verbose request registry https://registry.npmjs.org/
17 verbose request id 59eb6161ff6ee93c
18 verbose url raw /serialport
19 verbose url resolving [ 'https://registry.npmjs.org/', './serialport' ]
20 verbose url resolved https://registry.npmjs.org/serialport
21 verbose request where is https://registry.npmjs.org/serialport
22 info trying registry request attempt 1 at 11:50:26
23 verbose etag "5a345ddc-53e6a"
24 http GET https://registry.npmjs.org/serialport
25 http 304 https://registry.npmjs.org/serialport
26 silly registry.get cb [ 304,
26 silly registry.get   { date: 'Fri, 29 Dec 2017 19:50:26 GMT',
26 silly registry.get     via: '1.1 varnish',
26 silly registry.get     'cache-control': 'max-age=300',
26 silly registry.get     etag: '"5a345ddc-53e6a"',
26 silly registry.get     age: '9659',
26 silly registry.get     connection: 'keep-alive',
26 silly registry.get     'x-served-by': 'cache-sjc3637-SJC',
26 silly registry.get     'x-cache': 'HIT',
26 silly registry.get     'x-cache-hits': '1',
26 silly registry.get     'x-timer': 'S1514577027.915392,VS0,VE1',
26 silly registry.get     vary: 'Accept-Encoding, Accept' } ]
27 verbose etag https://registry.npmjs.org/serialport from cache
28 silly lockFile d487f01a-serialport-2-0-6-1 serialport@2.0.6_1
29 silly lockFile d487f01a-serialport-2-0-6-1 serialport@2.0.6_1
30 error notarget No compatible version found: serialport@'2.0.6_1'
30 error notarget Valid install targets:
30 error notarget ["0.1.0","0.1.1","0.1.3","0.2.0","0.2.2","0.2.3","0.2.4","0.2.5","0.2.6","0.2.7","0.2.8","0.2.9","0.3.0","0.6.0","0.6.1","0.6.2","0.6.3","0.6.5","0.6.6","0.6.7","0.7.0","0.7.1","0.7.2","0.7.3","0.7.4","0.7.5","1.0.0","1.0.1","1.0.2","1.0.3","1.0.4","1.0.5","1.0.6","1.0.7","1.0.8","1.1.0","1.1.1","1.1.3","1.2.0","1.2.1","1.2.2","1.2.3","1.2.4","1.2.5","1.3.0","1.3.1","1.4.0","1.4.1","1.4.2","1.4.5","1.4.6","1.4.8","1.4.9","1.4.10","1.5.0","1.6.1","1.6.2","1.6.3","1.7.0","1.7.1","1.7.3","1.7.4","2.0.0","2.0.1","2.0.2","2.0.3","2.0.4","2.0.5","2.0.6","2.0.7-beta1","2.0.7-beta2","2.0.7-beta3","2.0.7-beta4","2.0.7-beta5","2.1.0","2.1.1","2.1.2","3.0.0","3.0.1","3.1.0","3.1.1","3.1.2-beta1","3.1.2-beta2","3.1.2-beta3","3.1.2-beta5","3.1.2-beta6","3.1.2-beta7","3.1.2","3.2.0-beta1","4.0.0-beta1","4.0.0-beta2","4.0.0-beta3","4.0.0-beta4","4.0.0-rc1","4.0.0","4.0.1","5.0.0-beta1","4.0.2","4.0.3","5.0.0-beta2","4.0.4","4.0.5","4.0.6","4.0.7-beta1","4.0.7-beta3","4.0.7-beta4","4.0.7","5.0.0-beta3","5.0.0-beta4","5.0.0-beta5","5.0.0-beta6","5.0.0-beta7","5.0.0-beta8","5.0.0-beta9","5.0.0","5.1.0-beta5","6.0.0-beta1","6.0.0-beta2","6.0.0-beta3","6.0.0","6.0.1","6.0.3","6.0.4"]
30 error notarget
30 error notarget This is most likely not a problem with npm itself.
30 error notarget In most cases you or one of your dependencies are requesting
30 error notarget a package version that doesn't exist.
31 error System Darwin 16.7.0
32 error command "/Users/jadewang/.meteor/packages/meteor-tool/.1.1.10.18frl7x.x3nzi++os.osx.x86_64+web.browser+web.cordova/mt-os.osx.x86_64/dev_bundle/bin/node" "/Users/jadewang/.meteor/packages/meteor-tool/.1.1.10.18frl7x.x3nzi++os.osx.x86_64+web.browser+web.cordova/mt-os.osx.x86_64/dev_bundle/bin/npm" "install" "--save" "serialport@2.0.6_1"
33 error cwd /Users/jadewang/meteor-package-serialport/doorbell
34 error node -v v0.10.40
35 error npm -v 1.4.28
36 error code ETARGET
37 verbose exit [ 1, true ]
